#
# There is insufficient memory for the Java Runtime Environment to continue.
# Native memory allocation (mmap) failed to map 260046848 bytes for G1 virtual space
# Possible reasons:
#   The system is out of physical RAM or swap space
#   The process is running with CompressedOops enabled, and the Java Heap may be blocking the growth of the native heap
# Possible solutions:
#   Reduce memory load on the system
#   Increase physical memory or swap space
#   Check if swap backing store is full
#   Decrease Java heap size (-Xmx/-Xms)
#   Decrease number of Java threads
#   Decrease Java thread stack sizes (-Xss)
#   Set larger code cache with -XX:ReservedCodeCacheSize=
#   JVM is running with Zero Based Compressed Oops mode in which the Java heap is
#     placed in the first 32GB address space. The Java Heap base address is the
#     maximum limit for the native heap growth. Please use -XX:HeapBaseMinAddress
#     to set the Java Heap base and to place the Java Heap above 32GB virtual address.
# This output file may be truncated or incomplete.
#
#  Out of Memory Error (os_windows.cpp:3771), pid=13524, tid=2560
#
# JRE version:  (17.0.7) (build )
# Java VM: OpenJDK 64-Bit Server VM (17.0.7+0-b2043.56-10550314, mixed mode, sharing, tiered, compressed oops, compressed class ptrs, g1 gc, windows-amd64)
# No core dump will be written. Minidumps are not enabled by default on client versions of Windows
#

---------------  S U M M A R Y ------------

Command Line: org.jetbrains.kotlin.cli.jvm.K2JVMCompiler @C:\PeopleConnect\app\build\20240827_17849421534959083518.compiler.options

Host: AMD Ryzen 5 4600G with Radeon Graphics, 12 cores, 15G,  Windows 11 , 64 bit Build 22621 (10.0.22621.3958)
Time: Tue Aug 27 13:50:26 2024 Malay Peninsula Standard Time elapsed time: 0.007818 seconds (0d 0h 0m 0s)

---------------  T H R E A D  ---------------

Current thread (0x000002c7d7b60700):  JavaThread "Unknown thread" [_thread_in_vm, id=2560, stack(0x000000f71f400000,0x000000f71f500000)]

Stack: [0x000000f71f400000,0x000000f71f500000]
Native frames: (J=compiled Java code, j=interpreted, Vv=VM code, C=native code)
V  [jvm.dll+0x683bfa]
V  [jvm.dll+0x8430a4]
V  [jvm.dll+0x8449be]
V  [jvm.dll+0x845023]
V  [jvm.dll+0x24ad2f]
V  [jvm.dll+0x680ac9]
V  [jvm.dll+0x67519a]
V  [jvm.dll+0x30b3cb]
V  [jvm.dll+0x312876]
V  [jvm.dll+0x36221e]
V  [jvm.dll+0x36244f]
V  [jvm.dll+0x2e14a8]
V  [jvm.dll+0x2e2414]
V  [jvm.dll+0x814391]
V  [jvm.dll+0x36ffe1]
V  [jvm.dll+0x7f396c]
V  [jvm.dll+0x3f305f]
V  [jvm.dll+0x3f4b91]
C  [jli.dll+0x528f]
C  [ucrtbase.dll+0x29333]
C  [KERNEL32.DLL+0x1257d]
C  [ntdll.dll+0x5af28]


---------------  P R O C E S S  ---------------

Threads class SMR info:
_java_thread_list=0x00007ff94cb3d098, length=0, elements={
}

Java Threads: ( => current thread )

Other Threads:
  0x000002c7d7bced40 GCTaskThread "GC Thread#0" [stack: 0x000000f71f500000,0x000000f71f600000] [id=14112]
  0x000002c7d7bdf4e0 ConcurrentGCThread "G1 Main Marker" [stack: 0x000000f71f600000,0x000000f71f700000] [id=2264]
  0x000002c7d7be25a0 ConcurrentGCThread "G1 Conc#0" [stack: 0x000000f71f700000,0x000000f71f800000] [id=12112]

[error occurred during error reporting (printing all threads), id 0xc0000005, EXCEPTION_ACCESS_VIOLATION (0xc0000005) at pc=0x00007ff94c2f2087]

VM state: not at safepoint (not fully initialized)

VM Mutex/Monitor currently owned by a thread:  ([mutex/lock_event])
[0x000002c7d7b5bdf0] Heap_lock - owner thread: 0x000002c7d7b60700

Heap address: 0x0000000709a00000, size: 3942 MB, Compressed Oops mode: Zero based, Oop shift amount: 3

CDS archive(s) mapped at: [0x0000000000000000-0x0000000000000000-0x0000000000000000), size 0, SharedBaseAddress: 0x0000000800000000, ArchiveRelocationMode: 0.
Narrow klass base: 0x0000000000000000, Narrow klass shift: 0, Narrow klass range: 0x0

GC Precious Log:
<Empty>

Heap:
 garbage-first heap   total 0K, used 0K [0x0000000709a00000, 0x0000000800000000)
  region size 2048K, 0 young (0K), 0 survivors (0K)
 Metaspace       used 0K, committed 0K, reserved 0K
  class space    used 0K, committed 0K, reserved 0K

Heap Regions: E=young(eden), S=young(survivor), O=old, HS=humongous(starts), HC=humongous(continues), CS=collection set, F=free, OA=open archive, CA=closed archive, TAMS=top-at-mark-start (previous, next)

Card table byte_map: [0x000002c7ecc80000,0x000002c7ed440000] _byte_map_base: 0x000002c7e9433000

Marking Bits (Prev, Next): (CMBitMap*) 0x000002c7d7bcf350, (CMBitMap*) 0x000002c7d7bcf390
 Prev Bits: [0x000002c7edc00000, 0x000002c7f1998000)
 Next Bits: [0x000002c7f19a0000, 0x000002c7f5738000)

GC Heap History (0 events):
No events

Dll operation events (1 events):
Event: 0.005 Loaded shared library C:\Program Files\Android\Android Studio\jbr\bin\java.dll

Deoptimization events (0 events):
No events

Classes unloaded (0 events):
No events

Classes redefined (0 events):
No events

Internal exceptions (0 events):
No events

VM Operations (0 events):
No events

Events (0 events):
No events


Dynamic libraries:
0x00007ff7402c0000 - 0x00007ff7402ca000 	C:\Program Files\Android\Android Studio\jbr\bin\java.exe
0x00007ff98cc10000 - 0x00007ff98ce27000 	C:\WINDOWS\SYSTEM32\ntdll.dll
0x00007ff98ad50000 - 0x00007ff98ae14000 	C:\WINDOWS\System32\KERNEL32.DLL
0x00007ff98a350000 - 0x00007ff98a6fd000 	C:\WINDOWS\System32\KERNELBASE.dll
0x00007ff98a820000 - 0x00007ff98a931000 	C:\WINDOWS\System32\ucrtbase.dll
0x00007ff981ba0000 - 0x00007ff981bb7000 	C:\Program Files\Android\Android Studio\jbr\bin\jli.dll
0x00007ff974b00000 - 0x00007ff974b1b000 	C:\Program Files\Android\Android Studio\jbr\bin\VCRUNTIME140.dll
0x00007ff98ab60000 - 0x00007ff98ad0e000 	C:\WINDOWS\System32\USER32.dll
0x00007ff974570000 - 0x00007ff974803000 	C:\WINDOWS\WinSxS\amd64_microsoft.windows.common-controls_6595b64144ccf1df_6.0.22621.3672_none_2713b9d173822955\COMCTL32.dll
0x00007ff989f30000 - 0x00007ff989f56000 	C:\WINDOWS\System32\win32u.dll
0x00007ff98c6b0000 - 0x00007ff98c757000 	C:\WINDOWS\System32\msvcrt.dll
0x00007ff98bf30000 - 0x00007ff98bf59000 	C:\WINDOWS\System32\GDI32.dll
0x00007ff98a100000 - 0x00007ff98a219000 	C:\WINDOWS\System32\gdi32full.dll
0x00007ff98a700000 - 0x00007ff98a79a000 	C:\WINDOWS\System32\msvcp_win.dll
0x00007ff98ad10000 - 0x00007ff98ad41000 	C:\WINDOWS\System32\IMM32.DLL
0x00007ff974bc0000 - 0x00007ff974bcc000 	C:\Program Files\Android\Android Studio\jbr\bin\vcruntime140_1.dll
0x00007ff962260000 - 0x00007ff9622ed000 	C:\Program Files\Android\Android Studio\jbr\bin\msvcp140.dll
0x00007ff94c000000 - 0x00007ff94cc80000 	C:\Program Files\Android\Android Studio\jbr\bin\server\jvm.dll
0x00007ff98aaa0000 - 0x00007ff98ab52000 	C:\WINDOWS\System32\ADVAPI32.dll
0x00007ff98c190000 - 0x00007ff98c239000 	C:\WINDOWS\System32\sechost.dll
0x00007ff989f60000 - 0x00007ff989f88000 	C:\WINDOWS\System32\bcrypt.dll
0x00007ff98c760000 - 0x00007ff98c874000 	C:\WINDOWS\System32\RPCRT4.dll
0x00007ff97d440000 - 0x00007ff97d474000 	C:\WINDOWS\SYSTEM32\WINMM.dll
0x00007ff9836a0000 - 0x00007ff9836aa000 	C:\WINDOWS\SYSTEM32\VERSION.dll
0x00007ff97eae0000 - 0x00007ff97eae9000 	C:\WINDOWS\SYSTEM32\WSOCK32.dll
0x00007ff98c880000 - 0x00007ff98c8f1000 	C:\WINDOWS\System32\WS2_32.dll
0x00007ff988f60000 - 0x00007ff988f78000 	C:\WINDOWS\SYSTEM32\kernel.appcore.dll
0x00007ff987180000 - 0x00007ff98718a000 	C:\Program Files\Android\Android Studio\jbr\bin\jimage.dll
0x00007ff983900000 - 0x00007ff983b32000 	C:\WINDOWS\SYSTEM32\DBGHELP.DLL
0x00007ff98c320000 - 0x00007ff98c6ad000 	C:\WINDOWS\System32\combase.dll
0x00007ff98b3b0000 - 0x00007ff98b487000 	C:\WINDOWS\System32\OLEAUT32.dll
0x00007ff97a4d0000 - 0x00007ff97a502000 	C:\WINDOWS\SYSTEM32\dbgcore.DLL
0x00007ff98a7a0000 - 0x00007ff98a81b000 	C:\WINDOWS\System32\bcryptPrimitives.dll
0x00007ff97ffb0000 - 0x00007ff97ffd5000 	C:\Program Files\Android\Android Studio\jbr\bin\java.dll

dbghelp: loaded successfully - version: 4.0.5 - missing functions: none
symbol engine: initialized successfully - sym options: 0x614 - pdb path: .;C:\Program Files\Android\Android Studio\jbr\bin;C:\WINDOWS\SYSTEM32;C:\WINDOWS\WinSxS\amd64_microsoft.windows.common-controls_6595b64144ccf1df_6.0.22621.3672_none_2713b9d173822955;C:\Program Files\Android\Android Studio\jbr\bin\server

VM Arguments:
java_command: org.jetbrains.kotlin.cli.jvm.K2JVMCompiler @C:\PeopleConnect\app\build\20240827_17849421534959083518.compiler.options
java_class_path (initial): C:\Users\Admin\.gradle\caches\modules-2\files-2.1\org.jetbrains.kotlin\kotlin-compiler-embeddable\1.9.22\9cd4dc7773cf2a99ecd961a88fbbc9a2da3fb5e1\kotlin-compiler-embeddable-1.9.22.jar;C:\Users\Admin\.gradle\caches\modules-2\files-2.1\org.jetbrains.kotlin\kotlin-stdlib\1.9.22\d6c44cd08d8f3f9bece8101216dbe6553365c6e3\kotlin-stdlib-1.9.22.jar;C:\Users\Admin\.gradle\caches\modules-2\files-2.1\org.jetbrains.kotlin\kotlin-script-runtime\1.9.22\f8139a46fc677ec9badc49ae954392f4f5e7e7c7\kotlin-script-runtime-1.9.22.jar;C:\Users\Admin\.gradle\caches\modules-2\files-2.1\org.jetbrains.kotlin\kotlin-reflect\1.6.10\1cbe9c92c12a94eea200d23c2bbaedaf3daf5132\kotlin-reflect-1.6.10.jar;C:\Users\Admin\.gradle\caches\modules-2\files-2.1\org.jetbrains.kotlin\kotlin-daemon-embeddable\1.9.22\20e2c5df715f3240c765cfc222530e2796542021\kotlin-daemon-embeddable-1.9.22.jar;C:\Users\Admin\.gradle\caches\modules-2\files-2.1\org.jetbrains.intellij.deps\trove4j\1.0.20200330\3afb14d5f9ceb459d724e907a21145e8ff394f02\trove4j-1.0.20200330.jar;C:\Users\Admin\.gradle\caches\modules-2\files-2.1\org.jetbrains\annotations\13.0\919f0dfe192fb4e063e7dacadee7f8bb9a2672a9\annotations-13.0.jar
Launcher Type: SUN_STANDARD

[Global flags]
     intx CICompilerCount                          = 4                                         {product} {ergonomic}
     uint ConcGCThreads                            = 3                                         {product} {ergonomic}
     uint G1ConcRefinementThreads                  = 10                                        {product} {ergonomic}
   size_t G1HeapRegionSize                         = 2097152                                   {product} {ergonomic}
    uintx GCDrainStackTargetSize                   = 64                                        {product} {ergonomic}
   size_t InitialHeapSize                          = 260046848                                 {product} {ergonomic}
   size_t MarkStackSize                            = 4194304                                   {product} {ergonomic}
   size_t MaxHeapSize                              = 4133486592                                {product} {ergonomic}
   size_t MinHeapDeltaBytes                        = 2097152                                   {product} {ergonomic}
   size_t MinHeapSize                              = 8388608                                   {product} {ergonomic}
    uintx NonNMethodCodeHeapSize                   = 5839372                                {pd product} {ergonomic}
    uintx NonProfiledCodeHeapSize                  = 122909434                              {pd product} {ergonomic}
    uintx ProfiledCodeHeapSize                     = 122909434                              {pd product} {ergonomic}
    uintx ReservedCodeCacheSize                    = 251658240                              {pd product} {ergonomic}
     bool SegmentedCodeCache                       = true                                      {product} {ergonomic}
   size_t SoftMaxHeapSize                          = 4133486592                             {manageable} {ergonomic}
     bool UseCompressedClassPointers               = true                           {product lp64_product} {ergonomic}
     bool UseCompressedOops                        = true                           {product lp64_product} {ergonomic}
     bool UseG1GC                                  = true                                      {product} {ergonomic}
     bool UseLargePagesIndividualAllocation        = false                                  {pd product} {ergonomic}

Logging:
Log output configuration:
 #0: stdout all=warning uptime,level,tags
 #1: stderr all=off uptime,level,tags

Environment Variables:
PATH=C:\Program Files\Python38\Scripts\;C:\Program Files\Python38\;C:\WINDOWS\system32;C:\WINDOWS;C:\WINDOWS\System32\Wbem;C:\WINDOWS\System32\WindowsPowerShell\v1.0\;C:\WINDOWS\System32\OpenSSH\;C:\Program Files\Microsoft SQL Server\Client SDK\ODBC\170\Tools\Binn\;C:\Program Files (x86)\Microsoft SQL Server\160\Tools\Binn\;C:\Program Files\Microsoft SQL Server\160\Tools\Binn\;C:\Program Files\Microsoft SQL Server\160\DTS\Binn\;C:\Program Files (x86)\Microsoft SQL Server\160\DTS\Binn\;C:\Program Files\Azure Data Studio\bin;C:\Program Files\Microsoft SQL Server\150\Tools\Binn\;C:\Program Files\dotnet\;E:\Git\cmd;E:\;C:\Users\Admin\openjdk-11.0.0.1_windows-x64_bin\jdk-11.0.0.1\bin;C:\Users\Admin\orientdb-community-3.2.29\orientdb-community-3.2.29\bin;C:\Users\Admin\AppData\Local\Microsoft\WindowsApps;C:\Program Files\Azure Data Studio\bin;C:\Users\Admin\.dotnet\tools;C:\Program Files\JetBrains\PyCharm Community Edition 2023.3.1\bin;;E:\Microsoft VS Code\bin;C:\Users\Admin\AppData\Roaming\npm
USERNAME=Admin
OS=Windows_NT
PROCESSOR_IDENTIFIER=AMD64 Family 23 Model 96 Stepping 1, AuthenticAMD
TMP=C:\Users\Admin\AppData\Local\Temp
TEMP=C:\Users\Admin\AppData\Local\Temp


JNI global refs:
JNI global refs: 0, weak refs: 0

JNI global refs memory usage: 0, weak refs: 0

OOME stack traces (most recent first):
Classloader memory used:


---------------  S Y S T E M  ---------------

OS:
 Windows 11 , 64 bit Build 22621 (10.0.22621.3958)
OS uptime: 1 days 14:30 hours

CPU: total 12 (initial active 12) (12 cores per cpu, 2 threads per core) family 23 model 96 stepping 1 microcode 0x0, cx8, cmov, fxsr, ht, mmx, 3dnowpref, sse, sse2, sse3, ssse3, sse4a, sse4.1, sse4.2, popcnt, lzcnt, tsc, tscinvbit, avx, avx2, aes, clmul, bmi1, bmi2, adx, sha, fma, vzeroupper, clflush, clflushopt

Memory: 4k page, system-wide physical 15761M (2898M free)
TotalPageFile size 17809M (AvailPageFile size 52M)
current process WorkingSet (physical memory assigned to process): 11M, peak: 11M
current process commit charge ("private bytes"): 64M, peak: 312M

vm_info: OpenJDK 64-Bit Server VM (17.0.7+0-b2043.56-10550314) for windows-amd64 JRE (17.0.7+0-b2043.56-10550314), built on Jul 24 2023 18:27:45 by "androidbuild" with MS VC++ 16.10 / 16.11 (VS2019)

END.
