#
# There is insufficient memory for the Java Runtime Environment to continue.
# Native memory allocation (malloc) failed to allocate 5377520 bytes for Chunk::new
# Possible reasons:
#   The system is out of physical RAM or swap space
#   The process is running with CompressedOops enabled, and the Java Heap may be blocking the growth of the native heap
# Possible solutions:
#   Reduce memory load on the system
#   Increase physical memory or swap space
#   Check if swap backing store is full
#   Decrease Java heap size (-Xmx/-Xms)
#   Decrease number of Java threads
#   Decrease Java thread stack sizes (-Xss)
#   Set larger code cache with -XX:ReservedCodeCacheSize=
#   JVM is running with Zero Based Compressed Oops mode in which the Java heap is
#     placed in the first 32GB address space. The Java Heap base address is the
#     maximum limit for the native heap growth. Please use -XX:HeapBaseMinAddress
#     to set the Java Heap base and to place the Java Heap above 32GB virtual address.
# This output file may be truncated or incomplete.
#
#  Out of Memory Error (arena.cpp:189), pid=9172, tid=15796
#
# JRE version: OpenJDK Runtime Environment (17.0.7) (build 17.0.7+0-b2043.56-10550314)
# Java VM: OpenJDK 64-Bit Server VM (17.0.7+0-b2043.56-10550314, mixed mode, tiered, compressed oops, compressed class ptrs, g1 gc, windows-amd64)
# No core dump will be written. Minidumps are not enabled by default on client versions of Windows
#

---------------  S U M M A R Y ------------

Command Line: org.jetbrains.kotlin.cli.jvm.K2JVMCompiler @C:\PeopleConnect\app\build\20240826_3981801243362833104.compiler.options

Host: AMD Ryzen 5 4600G with Radeon Graphics, 12 cores, 15G,  Windows 11 , 64 bit Build 22621 (10.0.22621.3958)
Time: Mon Aug 26 21:52:00 2024 Malay Peninsula Standard Time elapsed time: 15.525100 seconds (0d 0h 0m 15s)

---------------  T H R E A D  ---------------

Current thread (0x0000024041fa8800):  JavaThread "C2 CompilerThread2" daemon [_thread_in_native, id=15796, stack(0x000000aa83900000,0x000000aa83a00000)]


Current CompileTask:
C2:  15525 18609       4       org.jetbrains.kotlin.backend.jvm.mapping.MethodSignatureMapper::mapSignature (587 bytes)

Stack: [0x000000aa83900000,0x000000aa83a00000]
Native frames: (J=compiled Java code, j=interpreted, Vv=VM code, C=native code)
V  [jvm.dll+0x683bfa]
V  [jvm.dll+0x8430a4]
V  [jvm.dll+0x8449be]
V  [jvm.dll+0x845023]
V  [jvm.dll+0x24ad2f]
V  [jvm.dll+0xac25c]
V  [jvm.dll+0xac82c]
V  [jvm.dll+0x36a187]
V  [jvm.dll+0x334821]
V  [jvm.dll+0x333cca]
V  [jvm.dll+0x21d251]
V  [jvm.dll+0x21c671]
V  [jvm.dll+0x1a605d]
V  [jvm.dll+0x22c148]
V  [jvm.dll+0x22a209]
V  [jvm.dll+0x7f858c]
V  [jvm.dll+0x7f2aea]
V  [jvm.dll+0x682a35]
C  [ucrtbase.dll+0x29333]
C  [KERNEL32.DLL+0x1257d]
C  [ntdll.dll+0x5af28]


---------------  P R O C E S S  ---------------

Threads class SMR info:
_java_thread_list=0x0000024041dca710, length=14, elements={
0x000002401d7c1c30, 0x000002403c263c60, 0x000002403c2648d0, 0x000002403c2e7550,
0x000002403c2e81c0, 0x000002403c2e9b80, 0x000002403c2ec540, 0x000002403c2ed2d0,
0x000002403c2ee580, 0x000002403c2efe90, 0x000002403c455be0, 0x000002403c45e6d0,
0x000002403cf1a940, 0x0000024041fa8800
}

Java Threads: ( => current thread )
  0x000002401d7c1c30 JavaThread "main" [_thread_in_Java, id=15936, stack(0x000000aa81c00000,0x000000aa81d00000)]
  0x000002403c263c60 JavaThread "Reference Handler" daemon [_thread_blocked, id=10692, stack(0x000000aa82300000,0x000000aa82400000)]
  0x000002403c2648d0 JavaThread "Finalizer" daemon [_thread_blocked, id=12984, stack(0x000000aa82400000,0x000000aa82500000)]
  0x000002403c2e7550 JavaThread "Signal Dispatcher" daemon [_thread_blocked, id=9968, stack(0x000000aa82500000,0x000000aa82600000)]
  0x000002403c2e81c0 JavaThread "Attach Listener" daemon [_thread_blocked, id=13352, stack(0x000000aa82600000,0x000000aa82700000)]
  0x000002403c2e9b80 JavaThread "Service Thread" daemon [_thread_blocked, id=6804, stack(0x000000aa82700000,0x000000aa82800000)]
  0x000002403c2ec540 JavaThread "Monitor Deflation Thread" daemon [_thread_blocked, id=2288, stack(0x000000aa82800000,0x000000aa82900000)]
  0x000002403c2ed2d0 JavaThread "C2 CompilerThread0" daemon [_thread_in_native, id=8540, stack(0x000000aa82900000,0x000000aa82a00000)]
  0x000002403c2ee580 JavaThread "C1 CompilerThread0" daemon [_thread_blocked, id=12996, stack(0x000000aa82a00000,0x000000aa82b00000)]
  0x000002403c2efe90 JavaThread "Sweeper thread" daemon [_thread_in_vm, id=13808, stack(0x000000aa82b00000,0x000000aa82c00000)]
  0x000002403c455be0 JavaThread "Notification Thread" daemon [_thread_blocked, id=14880, stack(0x000000aa82c00000,0x000000aa82d00000)]
  0x000002403c45e6d0 JavaThread "Common-Cleaner" daemon [_thread_blocked, id=15152, stack(0x000000aa82e00000,0x000000aa82f00000)]
  0x000002403cf1a940 JavaThread "C2 CompilerThread1" daemon [_thread_in_native, id=11220, stack(0x000000aa82f00000,0x000000aa83000000)]
=>0x0000024041fa8800 JavaThread "C2 CompilerThread2" daemon [_thread_in_native, id=15796, stack(0x000000aa83900000,0x000000aa83a00000)]

Other Threads:
  0x000002403c2612a0 VMThread "VM Thread" [stack: 0x000000aa82200000,0x000000aa82300000] [id=6348]
  0x000002401d843860 WatcherThread [stack: 0x000000aa82d00000,0x000000aa82e00000] [id=10604]
  0x000002401d8280f0 GCTaskThread "GC Thread#0" [stack: 0x000000aa81d00000,0x000000aa81e00000] [id=2348]
  0x000002403c472f70 GCTaskThread "GC Thread#1" [stack: 0x000000aa83000000,0x000000aa83100000] [id=8860]
  0x000002403c471ca0 GCTaskThread "GC Thread#2" [stack: 0x000000aa83100000,0x000000aa83200000] [id=4520]
  0x000002403c4734d0 GCTaskThread "GC Thread#3" [stack: 0x000000aa83200000,0x000000aa83300000] [id=11796]
  0x000002403c473780 GCTaskThread "GC Thread#4" [stack: 0x000000aa83300000,0x000000aa83400000] [id=13940]
  0x000002403c471f50 GCTaskThread "GC Thread#5" [stack: 0x000000aa83400000,0x000000aa83500000] [id=14356]
  0x000002403ceb0130 GCTaskThread "GC Thread#6" [stack: 0x000000aa83500000,0x000000aa83600000] [id=14456]
  0x000002403ceb2170 GCTaskThread "GC Thread#7" [stack: 0x000000aa83600000,0x000000aa83700000] [id=12776]
  0x000002403ceb1ec0 GCTaskThread "GC Thread#8" [stack: 0x000000aa83a00000,0x000000aa83b00000] [id=11952]
  0x000002403ceb03e0 GCTaskThread "GC Thread#9" [stack: 0x000000aa83b00000,0x000000aa83c00000] [id=16380]
  0x000002401d839ea0 ConcurrentGCThread "G1 Main Marker" [stack: 0x000000aa81e00000,0x000000aa81f00000] [id=14768]
  0x000002401d83c8c0 ConcurrentGCThread "G1 Conc#0" [stack: 0x000000aa81f00000,0x000000aa82000000] [id=9556]
  0x000002403ceb3190 ConcurrentGCThread "G1 Conc#1" [stack: 0x000000aa83700000,0x000000aa83800000] [id=3212]
  0x000002403ceb1c10 ConcurrentGCThread "G1 Conc#2" [stack: 0x000000aa83800000,0x000000aa83900000] [id=15596]
  0x000002401d87e020 ConcurrentGCThread "G1 Refine#0" [stack: 0x000000aa82000000,0x000000aa82100000] [id=16340]
  0x0000024042ce2270 ConcurrentGCThread "G1 Refine#1" [stack: 0x000000aa83c00000,0x000000aa83d00000] [id=3112]
  0x0000024042cdfff0 ConcurrentGCThread "G1 Refine#2" [stack: 0x000000aa83d00000,0x000000aa83e00000] [id=9132]
  0x0000024043bffc00 ConcurrentGCThread "G1 Refine#3" [stack: 0x000000aa83e00000,0x000000aa83f00000] [id=6904]
  0x0000024043c015e0 ConcurrentGCThread "G1 Refine#4" [stack: 0x000000aa83f00000,0x000000aa84000000] [id=2296]
  0x0000024042ce1130 ConcurrentGCThread "G1 Refine#5" [stack: 0x000000aa84000000,0x000000aa84100000] [id=2128]
  0x000002401d87e940 ConcurrentGCThread "G1 Service" [stack: 0x000000aa82100000,0x000000aa82200000] [id=15444]

Threads with active compile tasks:
C2 CompilerThread0    15648 19469       4       org.jetbrains.kotlin.builtins.jvm.JavaToKotlinClassMap::mapKotlinToJava (86 bytes)
C2 CompilerThread1    15648 19064       4       org.jetbrains.kotlin.backend.jvm.codegen.JvmSignatureClashDetector::trackMethod (80 bytes)
C2 CompilerThread2    15648 18609       4       org.jetbrains.kotlin.backend.jvm.mapping.MethodSignatureMapper::mapSignature (587 bytes)

VM state: not at safepoint (normal execution)

VM Mutex/Monitor currently owned by a thread:  ([mutex/lock_event])
[0x000002401d7be260] CompiledIC_lock - owner thread: 0x0000000000000000

Heap address: 0x0000000709a00000, size: 3942 MB, Compressed Oops mode: Zero based, Oop shift amount: 3

CDS archive(s) not mapped
Compressed class space mapped at: 0x0000000800000000-0x0000000840000000, reserved size: 1073741824
Narrow klass base: 0x0000000800000000, Narrow klass shift: 0, Narrow klass range: 0x40000000

GC Precious Log:
 CPUs: 12 total, 12 available
 Memory: 15761M
 Large Page Support: Disabled
 NUMA Support: Disabled
 Compressed Oops: Enabled (Zero based)
 Heap Region Size: 2M
 Heap Min Capacity: 8M
 Heap Initial Capacity: 248M
 Heap Max Capacity: 3942M
 Pre-touch: Disabled
 Parallel Workers: 10
 Concurrent Workers: 3
 Concurrent Refinement Workers: 10
 Periodic GC: Disabled

Heap:
 garbage-first heap   total 311296K, used 182100K [0x0000000709a00000, 0x0000000800000000)
  region size 2048K, 44 young (90112K), 7 survivors (14336K)
 Metaspace       used 82608K, committed 82880K, reserved 1179648K
  class space    used 8443K, committed 8576K, reserved 1048576K

Heap Regions: E=young(eden), S=young(survivor), O=old, HS=humongous(starts), HC=humongous(continues), CS=collection set, F=free, OA=open archive, CA=closed archive, TAMS=top-at-mark-start (previous, next)
|   0|0x0000000709a00000, 0x0000000709c00000, 0x0000000709c00000|100%|HS|  |TAMS 0x0000000709c00000, 0x0000000709a00000| Complete 
|   1|0x0000000709c00000, 0x0000000709e00000, 0x0000000709e00000|100%|HC|  |TAMS 0x0000000709e00000, 0x0000000709c00000| Complete 
|   2|0x0000000709e00000, 0x000000070a000000, 0x000000070a000000|100%|HS|  |TAMS 0x000000070a000000, 0x0000000709e00000| Complete 
|   3|0x000000070a000000, 0x000000070a200000, 0x000000070a200000|100%| O|  |TAMS 0x000000070a200000, 0x000000070a000000| Untracked 
|   4|0x000000070a200000, 0x000000070a400000, 0x000000070a400000|100%| O|  |TAMS 0x000000070a400000, 0x000000070a200000| Untracked 
|   5|0x000000070a400000, 0x000000070a600000, 0x000000070a600000|100%| O|  |TAMS 0x000000070a600000, 0x000000070a400000| Untracked 
|   6|0x000000070a600000, 0x000000070a800000, 0x000000070a800000|100%| O|  |TAMS 0x000000070a800000, 0x000000070a600000| Untracked 
|   7|0x000000070a800000, 0x000000070aa00000, 0x000000070aa00000|100%| O|  |TAMS 0x000000070aa00000, 0x000000070a800000| Untracked 
|   8|0x000000070aa00000, 0x000000070ac00000, 0x000000070ac00000|100%| O|  |TAMS 0x000000070ac00000, 0x000000070aa00000| Untracked 
|   9|0x000000070ac00000, 0x000000070ae00000, 0x000000070ae00000|100%| O|  |TAMS 0x000000070ae00000, 0x000000070ac00000| Untracked 
|  10|0x000000070ae00000, 0x000000070b000000, 0x000000070b000000|100%| O|  |TAMS 0x000000070b000000, 0x000000070ae00000| Untracked 
|  11|0x000000070b000000, 0x000000070b200000, 0x000000070b200000|100%| O|  |TAMS 0x000000070b200000, 0x000000070b000000| Untracked 
|  12|0x000000070b200000, 0x000000070b400000, 0x000000070b400000|100%| O|  |TAMS 0x000000070b400000, 0x000000070b200000| Untracked 
|  13|0x000000070b400000, 0x000000070b600000, 0x000000070b600000|100%| O|  |TAMS 0x000000070b600000, 0x000000070b400000| Untracked 
|  14|0x000000070b600000, 0x000000070b800000, 0x000000070b800000|100%| O|  |TAMS 0x000000070b800000, 0x000000070b600000| Untracked 
|  15|0x000000070b800000, 0x000000070ba00000, 0x000000070ba00000|100%| O|  |TAMS 0x000000070ba00000, 0x000000070b800000| Untracked 
|  16|0x000000070ba00000, 0x000000070bc00000, 0x000000070bc00000|100%| O|  |TAMS 0x000000070bc00000, 0x000000070ba00000| Untracked 
|  17|0x000000070bc00000, 0x000000070be00000, 0x000000070be00000|100%| O|  |TAMS 0x000000070be00000, 0x000000070bc00000| Untracked 
|  18|0x000000070be00000, 0x000000070c000000, 0x000000070c000000|100%| O|  |TAMS 0x000000070c000000, 0x000000070be00000| Untracked 
|  19|0x000000070c000000, 0x000000070c200000, 0x000000070c200000|100%| O|  |TAMS 0x000000070c200000, 0x000000070c000000| Untracked 
|  20|0x000000070c200000, 0x000000070c400000, 0x000000070c400000|100%| O|  |TAMS 0x000000070c400000, 0x000000070c200000| Untracked 
|  21|0x000000070c400000, 0x000000070c600000, 0x000000070c600000|100%| O|  |TAMS 0x000000070c600000, 0x000000070c400000| Untracked 
|  22|0x000000070c600000, 0x000000070c800000, 0x000000070c800000|100%| O|  |TAMS 0x000000070c600000, 0x000000070c600000| Untracked 
|  23|0x000000070c800000, 0x000000070ca00000, 0x000000070ca00000|100%| O|  |TAMS 0x000000070ca00000, 0x000000070c800000| Untracked 
|  24|0x000000070ca00000, 0x000000070cc00000, 0x000000070cc00000|100%| O|  |TAMS 0x000000070cc00000, 0x000000070ca00000| Untracked 
|  25|0x000000070cc00000, 0x000000070ce00000, 0x000000070ce00000|100%| O|  |TAMS 0x000000070ce00000, 0x000000070cc00000| Untracked 
|  26|0x000000070ce00000, 0x000000070d000000, 0x000000070d000000|100%| O|  |TAMS 0x000000070d000000, 0x000000070ce00000| Untracked 
|  27|0x000000070d000000, 0x000000070d200000, 0x000000070d200000|100%| O|  |TAMS 0x000000070d200000, 0x000000070d000000| Untracked 
|  28|0x000000070d200000, 0x000000070d400000, 0x000000070d400000|100%| O|  |TAMS 0x000000070d400000, 0x000000070d200000| Untracked 
|  29|0x000000070d400000, 0x000000070d600000, 0x000000070d600000|100%| O|  |TAMS 0x000000070d600000, 0x000000070d400000| Untracked 
|  30|0x000000070d600000, 0x000000070d800000, 0x000000070d800000|100%| O|  |TAMS 0x000000070d800000, 0x000000070d600000| Untracked 
|  31|0x000000070d800000, 0x000000070da00000, 0x000000070da00000|100%| O|  |TAMS 0x000000070d800000, 0x000000070d800000| Untracked 
|  32|0x000000070da00000, 0x000000070dc00000, 0x000000070dc00000|100%|HS|  |TAMS 0x000000070dc00000, 0x000000070da00000| Complete 
|  33|0x000000070dc00000, 0x000000070de00000, 0x000000070de00000|100%| O|  |TAMS 0x000000070de00000, 0x000000070dc00000| Untracked 
|  34|0x000000070de00000, 0x000000070e000000, 0x000000070e000000|100%| O|  |TAMS 0x000000070e000000, 0x000000070de00000| Untracked 
|  35|0x000000070e000000, 0x000000070e200000, 0x000000070e200000|100%| O|  |TAMS 0x000000070e200000, 0x000000070e000000| Untracked 
|  36|0x000000070e200000, 0x000000070e400000, 0x000000070e400000|100%| O|  |TAMS 0x000000070e400000, 0x000000070e200000| Untracked 
|  37|0x000000070e400000, 0x000000070e600000, 0x000000070e600000|100%| O|  |TAMS 0x000000070e600000, 0x000000070e400000| Untracked 
|  38|0x000000070e600000, 0x000000070e800000, 0x000000070e800000|100%| O|  |TAMS 0x000000070e65ca00, 0x000000070e600000| Untracked 
|  39|0x000000070e800000, 0x000000070ea00000, 0x000000070ea00000|100%| O|  |TAMS 0x000000070e800000, 0x000000070e800000| Untracked 
|  40|0x000000070ea00000, 0x000000070ec00000, 0x000000070ec00000|100%| O|  |TAMS 0x000000070ea00000, 0x000000070ea00000| Untracked 
|  41|0x000000070ec00000, 0x000000070ee00000, 0x000000070ee00000|100%| O|  |TAMS 0x000000070ec00000, 0x000000070ec00000| Untracked 
|  42|0x000000070ee00000, 0x000000070f000000, 0x000000070f000000|100%| O|  |TAMS 0x000000070ee00000, 0x000000070ee00000| Untracked 
|  43|0x000000070f000000, 0x000000070f200000, 0x000000070f200000|100%| O|  |TAMS 0x000000070f000000, 0x000000070f000000| Untracked 
|  44|0x000000070f200000, 0x000000070f400000, 0x000000070f400000|100%| O|  |TAMS 0x000000070f200000, 0x000000070f200000| Untracked 
|  45|0x000000070f400000, 0x000000070f600000, 0x000000070f600000|100%| O|  |TAMS 0x000000070f400000, 0x000000070f400000| Untracked 
|  46|0x000000070f600000, 0x000000070f74a400, 0x000000070f800000| 64%| O|  |TAMS 0x000000070f600000, 0x000000070f600000| Untracked 
|  47|0x000000070f800000, 0x000000070f800000, 0x000000070fa00000|  0%| F|  |TAMS 0x000000070f800000, 0x000000070f800000| Untracked 
|  48|0x000000070fa00000, 0x000000070fa00000, 0x000000070fc00000|  0%| F|  |TAMS 0x000000070fa00000, 0x000000070fa00000| Untracked 
|  49|0x000000070fc00000, 0x000000070fc00000, 0x000000070fe00000|  0%| F|  |TAMS 0x000000070fc00000, 0x000000070fc00000| Untracked 
|  50|0x000000070fe00000, 0x000000070fe00000, 0x0000000710000000|  0%| F|  |TAMS 0x000000070fe00000, 0x000000070fe00000| Untracked 
|  51|0x0000000710000000, 0x0000000710000000, 0x0000000710200000|  0%| F|  |TAMS 0x0000000710000000, 0x0000000710000000| Untracked 
|  52|0x0000000710200000, 0x0000000710200000, 0x0000000710400000|  0%| F|  |TAMS 0x0000000710200000, 0x0000000710200000| Untracked 
|  53|0x0000000710400000, 0x0000000710400000, 0x0000000710600000|  0%| F|  |TAMS 0x0000000710400000, 0x0000000710400000| Untracked 
|  54|0x0000000710600000, 0x0000000710600000, 0x0000000710800000|  0%| F|  |TAMS 0x0000000710600000, 0x0000000710600000| Untracked 
|  55|0x0000000710800000, 0x0000000710800000, 0x0000000710a00000|  0%| F|  |TAMS 0x0000000710800000, 0x0000000710800000| Untracked 
|  56|0x0000000710a00000, 0x0000000710a00000, 0x0000000710c00000|  0%| F|  |TAMS 0x0000000710a00000, 0x0000000710a00000| Untracked 
|  57|0x0000000710c00000, 0x0000000710c00000, 0x0000000710e00000|  0%| F|  |TAMS 0x0000000710c00000, 0x0000000710c00000| Untracked 
|  58|0x0000000710e00000, 0x0000000710e00000, 0x0000000711000000|  0%| F|  |TAMS 0x0000000710e00000, 0x0000000710e00000| Untracked 
|  59|0x0000000711000000, 0x0000000711000000, 0x0000000711200000|  0%| F|  |TAMS 0x0000000711000000, 0x0000000711000000| Untracked 
|  60|0x0000000711200000, 0x0000000711200000, 0x0000000711400000|  0%| F|  |TAMS 0x0000000711200000, 0x0000000711200000| Untracked 
|  61|0x0000000711400000, 0x0000000711400000, 0x0000000711600000|  0%| F|  |TAMS 0x0000000711400000, 0x0000000711400000| Untracked 
|  62|0x0000000711600000, 0x0000000711600000, 0x0000000711800000|  0%| F|  |TAMS 0x0000000711600000, 0x0000000711600000| Untracked 
|  63|0x0000000711800000, 0x0000000711800000, 0x0000000711a00000|  0%| F|  |TAMS 0x0000000711800000, 0x0000000711800000| Untracked 
|  64|0x0000000711a00000, 0x0000000711a00000, 0x0000000711c00000|  0%| F|  |TAMS 0x0000000711a00000, 0x0000000711a00000| Untracked 
|  65|0x0000000711c00000, 0x0000000711c00000, 0x0000000711e00000|  0%| F|  |TAMS 0x0000000711c00000, 0x0000000711c00000| Untracked 
|  66|0x0000000711e00000, 0x0000000711e00000, 0x0000000712000000|  0%| F|  |TAMS 0x0000000711e00000, 0x0000000711e00000| Untracked 
|  67|0x0000000712000000, 0x0000000712000000, 0x0000000712200000|  0%| F|  |TAMS 0x0000000712000000, 0x0000000712000000| Untracked 
|  68|0x0000000712200000, 0x000000071228af48, 0x0000000712400000| 27%| S|CS|TAMS 0x0000000712200000, 0x0000000712200000| Complete 
|  69|0x0000000712400000, 0x0000000712600000, 0x0000000712600000|100%| S|CS|TAMS 0x0000000712400000, 0x0000000712400000| Complete 
|  70|0x0000000712600000, 0x0000000712800000, 0x0000000712800000|100%| S|CS|TAMS 0x0000000712600000, 0x0000000712600000| Complete 
|  71|0x0000000712800000, 0x0000000712a00000, 0x0000000712a00000|100%| S|CS|TAMS 0x0000000712800000, 0x0000000712800000| Complete 
|  72|0x0000000712a00000, 0x0000000712c00000, 0x0000000712c00000|100%| S|CS|TAMS 0x0000000712a00000, 0x0000000712a00000| Complete 
|  73|0x0000000712c00000, 0x0000000712e00000, 0x0000000712e00000|100%| S|CS|TAMS 0x0000000712c00000, 0x0000000712c00000| Complete 
|  74|0x0000000712e00000, 0x0000000713000000, 0x0000000713000000|100%| S|CS|TAMS 0x0000000712e00000, 0x0000000712e00000| Complete 
|  75|0x0000000713000000, 0x0000000713000000, 0x0000000713200000|  0%| F|  |TAMS 0x0000000713000000, 0x0000000713000000| Untracked 
|  76|0x0000000713200000, 0x0000000713200000, 0x0000000713400000|  0%| F|  |TAMS 0x0000000713200000, 0x0000000713200000| Untracked 
|  77|0x0000000713400000, 0x0000000713400000, 0x0000000713600000|  0%| F|  |TAMS 0x0000000713400000, 0x0000000713400000| Untracked 
|  78|0x0000000713600000, 0x0000000713600000, 0x0000000713800000|  0%| F|  |TAMS 0x0000000713600000, 0x0000000713600000| Untracked 
|  79|0x0000000713800000, 0x0000000713800000, 0x0000000713a00000|  0%| F|  |TAMS 0x0000000713800000, 0x0000000713800000| Untracked 
|  80|0x0000000713a00000, 0x0000000713a00000, 0x0000000713c00000|  0%| F|  |TAMS 0x0000000713a00000, 0x0000000713a00000| Untracked 
|  81|0x0000000713c00000, 0x0000000713c00000, 0x0000000713e00000|  0%| F|  |TAMS 0x0000000713c00000, 0x0000000713c00000| Untracked 
|  82|0x0000000713e00000, 0x0000000713e00000, 0x0000000714000000|  0%| F|  |TAMS 0x0000000713e00000, 0x0000000713e00000| Untracked 
|  83|0x0000000714000000, 0x0000000714000000, 0x0000000714200000|  0%| F|  |TAMS 0x0000000714000000, 0x0000000714000000| Untracked 
|  84|0x0000000714200000, 0x0000000714200000, 0x0000000714400000|  0%| F|  |TAMS 0x0000000714200000, 0x0000000714200000| Untracked 
|  85|0x0000000714400000, 0x0000000714400000, 0x0000000714600000|  0%| F|  |TAMS 0x0000000714400000, 0x0000000714400000| Untracked 
|  86|0x0000000714600000, 0x0000000714600000, 0x0000000714800000|  0%| F|  |TAMS 0x0000000714600000, 0x0000000714600000| Untracked 
|  87|0x0000000714800000, 0x0000000714800000, 0x0000000714a00000|  0%| F|  |TAMS 0x0000000714800000, 0x0000000714800000| Untracked 
|  88|0x0000000714a00000, 0x0000000714a00000, 0x0000000714c00000|  0%| F|  |TAMS 0x0000000714a00000, 0x0000000714a00000| Untracked 
|  89|0x0000000714c00000, 0x0000000714c00000, 0x0000000714e00000|  0%| F|  |TAMS 0x0000000714c00000, 0x0000000714c00000| Untracked 
|  90|0x0000000714e00000, 0x0000000714e00000, 0x0000000715000000|  0%| F|  |TAMS 0x0000000714e00000, 0x0000000714e00000| Untracked 
|  91|0x0000000715000000, 0x0000000715000000, 0x0000000715200000|  0%| F|  |TAMS 0x0000000715000000, 0x0000000715000000| Untracked 
|  92|0x0000000715200000, 0x0000000715200000, 0x0000000715400000|  0%| F|  |TAMS 0x0000000715200000, 0x0000000715200000| Untracked 
|  93|0x0000000715400000, 0x0000000715400000, 0x0000000715600000|  0%| F|  |TAMS 0x0000000715400000, 0x0000000715400000| Untracked 
|  94|0x0000000715600000, 0x0000000715600000, 0x0000000715800000|  0%| F|  |TAMS 0x0000000715600000, 0x0000000715600000| Untracked 
|  95|0x0000000715800000, 0x0000000715800000, 0x0000000715a00000|  0%| F|  |TAMS 0x0000000715800000, 0x0000000715800000| Untracked 
|  96|0x0000000715a00000, 0x0000000715a00000, 0x0000000715c00000|  0%| F|  |TAMS 0x0000000715a00000, 0x0000000715a00000| Untracked 
|  97|0x0000000715c00000, 0x0000000715c00000, 0x0000000715e00000|  0%| F|  |TAMS 0x0000000715c00000, 0x0000000715c00000| Untracked 
|  98|0x0000000715e00000, 0x0000000715e00000, 0x0000000716000000|  0%| F|  |TAMS 0x0000000715e00000, 0x0000000715e00000| Untracked 
|  99|0x0000000716000000, 0x0000000716000000, 0x0000000716200000|  0%| F|  |TAMS 0x0000000716000000, 0x0000000716000000| Untracked 
| 100|0x0000000716200000, 0x0000000716200000, 0x0000000716400000|  0%| F|  |TAMS 0x0000000716200000, 0x0000000716200000| Untracked 
| 101|0x0000000716400000, 0x0000000716400000, 0x0000000716600000|  0%| F|  |TAMS 0x0000000716400000, 0x0000000716400000| Untracked 
| 102|0x0000000716600000, 0x0000000716600000, 0x0000000716800000|  0%| F|  |TAMS 0x0000000716600000, 0x0000000716600000| Untracked 
| 103|0x0000000716800000, 0x0000000716800000, 0x0000000716a00000|  0%| F|  |TAMS 0x0000000716800000, 0x0000000716800000| Untracked 
| 104|0x0000000716a00000, 0x0000000716a00000, 0x0000000716c00000|  0%| F|  |TAMS 0x0000000716a00000, 0x0000000716a00000| Untracked 
| 105|0x0000000716c00000, 0x0000000716c00000, 0x0000000716e00000|  0%| F|  |TAMS 0x0000000716c00000, 0x0000000716c00000| Untracked 
| 106|0x0000000716e00000, 0x0000000716e00000, 0x0000000717000000|  0%| F|  |TAMS 0x0000000716e00000, 0x0000000716e00000| Untracked 
| 107|0x0000000717000000, 0x0000000717000000, 0x0000000717200000|  0%| F|  |TAMS 0x0000000717000000, 0x0000000717000000| Untracked 
| 108|0x0000000717200000, 0x0000000717200000, 0x0000000717400000|  0%| F|  |TAMS 0x0000000717200000, 0x0000000717200000| Untracked 
| 109|0x0000000717400000, 0x0000000717400000, 0x0000000717600000|  0%| F|  |TAMS 0x0000000717400000, 0x0000000717400000| Untracked 
| 110|0x0000000717600000, 0x0000000717600000, 0x0000000717800000|  0%| F|  |TAMS 0x0000000717600000, 0x0000000717600000| Untracked 
| 111|0x0000000717800000, 0x0000000717800000, 0x0000000717a00000|  0%| F|  |TAMS 0x0000000717800000, 0x0000000717800000| Untracked 
| 112|0x0000000717a00000, 0x0000000717a00000, 0x0000000717c00000|  0%| F|  |TAMS 0x0000000717a00000, 0x0000000717a00000| Untracked 
| 113|0x0000000717c00000, 0x0000000717c00000, 0x0000000717e00000|  0%| F|  |TAMS 0x0000000717c00000, 0x0000000717c00000| Untracked 
| 114|0x0000000717e00000, 0x0000000717f00800, 0x0000000718000000| 50%| E|  |TAMS 0x0000000717e00000, 0x0000000717e00000| Complete 
| 115|0x0000000718000000, 0x0000000718200000, 0x0000000718200000|100%| E|CS|TAMS 0x0000000718000000, 0x0000000718000000| Complete 
| 116|0x0000000718200000, 0x0000000718400000, 0x0000000718400000|100%| E|CS|TAMS 0x0000000718200000, 0x0000000718200000| Complete 
| 117|0x0000000718400000, 0x0000000718600000, 0x0000000718600000|100%| E|CS|TAMS 0x0000000718400000, 0x0000000718400000| Complete 
| 118|0x0000000718600000, 0x0000000718800000, 0x0000000718800000|100%| E|CS|TAMS 0x0000000718600000, 0x0000000718600000| Complete 
| 119|0x0000000718800000, 0x0000000718a00000, 0x0000000718a00000|100%| E|CS|TAMS 0x0000000718800000, 0x0000000718800000| Complete 
| 120|0x0000000718a00000, 0x0000000718c00000, 0x0000000718c00000|100%| E|CS|TAMS 0x0000000718a00000, 0x0000000718a00000| Complete 
| 121|0x0000000718c00000, 0x0000000718e00000, 0x0000000718e00000|100%| E|CS|TAMS 0x0000000718c00000, 0x0000000718c00000| Complete 
| 122|0x0000000718e00000, 0x0000000719000000, 0x0000000719000000|100%| E|CS|TAMS 0x0000000718e00000, 0x0000000718e00000| Complete 
| 123|0x0000000719000000, 0x0000000719200000, 0x0000000719200000|100%| E|CS|TAMS 0x0000000719000000, 0x0000000719000000| Complete 
| 124|0x0000000719200000, 0x0000000719400000, 0x0000000719400000|100%| E|CS|TAMS 0x0000000719200000, 0x0000000719200000| Complete 
| 125|0x0000000719400000, 0x0000000719600000, 0x0000000719600000|100%| E|CS|TAMS 0x0000000719400000, 0x0000000719400000| Complete 
| 126|0x0000000719600000, 0x0000000719800000, 0x0000000719800000|100%| E|CS|TAMS 0x0000000719600000, 0x0000000719600000| Complete 
| 127|0x0000000719800000, 0x0000000719a00000, 0x0000000719a00000|100%| E|CS|TAMS 0x0000000719800000, 0x0000000719800000| Complete 
| 128|0x0000000719a00000, 0x0000000719c00000, 0x0000000719c00000|100%| E|CS|TAMS 0x0000000719a00000, 0x0000000719a00000| Complete 
| 129|0x0000000719c00000, 0x0000000719e00000, 0x0000000719e00000|100%| E|CS|TAMS 0x0000000719c00000, 0x0000000719c00000| Complete 
| 130|0x0000000719e00000, 0x000000071a000000, 0x000000071a000000|100%| E|CS|TAMS 0x0000000719e00000, 0x0000000719e00000| Complete 
| 131|0x000000071a000000, 0x000000071a200000, 0x000000071a200000|100%| E|CS|TAMS 0x000000071a000000, 0x000000071a000000| Complete 
| 132|0x000000071a200000, 0x000000071a400000, 0x000000071a400000|100%| E|CS|TAMS 0x000000071a200000, 0x000000071a200000| Complete 
| 133|0x000000071a400000, 0x000000071a600000, 0x000000071a600000|100%| E|CS|TAMS 0x000000071a400000, 0x000000071a400000| Complete 
| 134|0x000000071a600000, 0x000000071a800000, 0x000000071a800000|100%| E|CS|TAMS 0x000000071a600000, 0x000000071a600000| Complete 
| 135|0x000000071a800000, 0x000000071aa00000, 0x000000071aa00000|100%| E|CS|TAMS 0x000000071a800000, 0x000000071a800000| Complete 
| 136|0x000000071aa00000, 0x000000071ac00000, 0x000000071ac00000|100%| E|CS|TAMS 0x000000071aa00000, 0x000000071aa00000| Complete 
| 137|0x000000071ac00000, 0x000000071ae00000, 0x000000071ae00000|100%| E|CS|TAMS 0x000000071ac00000, 0x000000071ac00000| Complete 
| 138|0x000000071ae00000, 0x000000071b000000, 0x000000071b000000|100%| E|CS|TAMS 0x000000071ae00000, 0x000000071ae00000| Complete 
| 139|0x000000071b000000, 0x000000071b200000, 0x000000071b200000|100%| E|CS|TAMS 0x000000071b000000, 0x000000071b000000| Complete 
| 140|0x000000071b200000, 0x000000071b400000, 0x000000071b400000|100%| E|CS|TAMS 0x000000071b200000, 0x000000071b200000| Complete 
| 141|0x000000071b400000, 0x000000071b600000, 0x000000071b600000|100%| E|CS|TAMS 0x000000071b400000, 0x000000071b400000| Complete 
| 142|0x000000071b600000, 0x000000071b800000, 0x000000071b800000|100%| E|CS|TAMS 0x000000071b600000, 0x000000071b600000| Complete 
| 143|0x000000071b800000, 0x000000071ba00000, 0x000000071ba00000|100%| E|CS|TAMS 0x000000071b800000, 0x000000071b800000| Complete 
| 144|0x000000071ba00000, 0x000000071bc00000, 0x000000071bc00000|100%| E|CS|TAMS 0x000000071ba00000, 0x000000071ba00000| Complete 
| 145|0x000000071bc00000, 0x000000071be00000, 0x000000071be00000|100%| E|CS|TAMS 0x000000071bc00000, 0x000000071bc00000| Complete 
| 146|0x000000071be00000, 0x000000071c000000, 0x000000071c000000|100%| E|CS|TAMS 0x000000071be00000, 0x000000071be00000| Complete 
| 147|0x000000071c000000, 0x000000071c200000, 0x000000071c200000|100%| E|CS|TAMS 0x000000071c000000, 0x000000071c000000| Complete 
| 148|0x000000071c200000, 0x000000071c400000, 0x000000071c400000|100%| E|CS|TAMS 0x000000071c200000, 0x000000071c200000| Complete 
| 149|0x000000071c400000, 0x000000071c600000, 0x000000071c600000|100%| E|CS|TAMS 0x000000071c400000, 0x000000071c400000| Complete 
| 150|0x000000071c600000, 0x000000071c800000, 0x000000071c800000|100%| E|CS|TAMS 0x000000071c600000, 0x000000071c600000| Complete 
| 151|0x000000071c800000, 0x000000071ca00000, 0x000000071ca00000|100%| E|CS|TAMS 0x000000071c800000, 0x000000071c800000| Complete 

Card table byte_map: [0x00000240309a0000,0x0000024031160000] _byte_map_base: 0x000002402d153000

Marking Bits (Prev, Next): (CMBitMap*) 0x000002401d829710, (CMBitMap*) 0x000002401d829750
 Prev Bits: [0x0000024031920000, 0x00000240356b8000)
 Next Bits: [0x00000240356c0000, 0x0000024039458000)

Polling page: 0x000002401b740000

Metaspace:

Usage:
  Non-class:     72.43 MB used.
      Class:      8.25 MB used.
       Both:     80.67 MB used.

Virtual space:
  Non-class space:      128.00 MB reserved,      72.56 MB ( 57%) committed,  2 nodes.
      Class space:        1.00 GB reserved,       8.38 MB ( <1%) committed,  1 nodes.
             Both:        1.12 GB reserved,      80.94 MB (  7%) committed. 

Chunk freelists:
   Non-Class:  7.22 MB
       Class:  7.61 MB
        Both:  14.83 MB

MaxMetaspaceSize: unlimited
CompressedClassSpaceSize: 1.00 GB
Initial GC threshold: 21.00 MB
Current GC threshold: 95.56 MB
CDS: off
MetaspaceReclaimPolicy: balanced
 - commit_granule_bytes: 65536.
 - commit_granule_words: 8192.
 - virtual_space_node_default_size: 8388608.
 - enlarge_chunks_in_place: 1.
 - new_chunks_are_fully_committed: 0.
 - uncommit_free_chunks: 1.
 - use_allocation_guard: 0.
 - handle_deallocations: 1.


Internal statistics:

num_allocs_failed_limit: 6.
num_arena_births: 328.
num_arena_deaths: 0.
num_vsnodes_births: 3.
num_vsnodes_deaths: 0.
num_space_committed: 1293.
num_space_uncommitted: 0.
num_chunks_returned_to_freelist: 6.
num_chunks_taken_from_freelist: 3016.
num_chunk_merges: 6.
num_chunk_splits: 2473.
num_chunks_enlarged: 2206.
num_inconsistent_stats: 0.

CodeHeap 'non-profiled nmethods': size=120000Kb used=11111Kb max_used=11111Kb free=108888Kb
 bounds [0x0000024028760000, 0x0000024029240000, 0x000002402fc90000]
CodeHeap 'profiled nmethods': size=120000Kb used=47827Kb max_used=47901Kb free=72172Kb
 bounds [0x0000024020c90000, 0x0000024023b60000, 0x00000240281c0000]
CodeHeap 'non-nmethods': size=5760Kb used=1415Kb max_used=1502Kb free=4344Kb
 bounds [0x00000240281c0000, 0x0000024028430000, 0x0000024028760000]
 total_blobs=16439 nmethods=15701 adapters=646
 compilation: enabled
              stopped_count=0, restarted_count=0
 full_count=0

Compilation events (20 events):
Event: 15.504 Thread 0x000002403c2ee580 nmethod 19354 0x0000024029215590 code [0x0000024029215720, 0x00000240292157f8]
Event: 15.504 Thread 0x000002403c2ee580 19355       1       org.jetbrains.kotlin.metadata.ProtoBuf$Class::getMultiFieldValueClassUnderlyingNameList (5 bytes)
Event: 15.504 Thread 0x000002403c2ee580 nmethod 19355 0x0000024029215890 code [0x0000024029215a20, 0x0000024029215af8]
Event: 15.504 Thread 0x000002403c2ee580 19356       1       org.jetbrains.kotlin.metadata.ProtoBuf$Class::getMultiFieldValueClassUnderlyingTypeIdList (5 bytes)
Event: 15.504 Thread 0x000002403c2ee580 nmethod 19356 0x0000024029215b90 code [0x0000024029215d20, 0x0000024029215df8]
Event: 15.505 Thread 0x000002403c2ee580 19358       2       org.jetbrains.org.objectweb.asm.commons.InstructionAdapter::invokeinterface (15 bytes)
Event: 15.505 Thread 0x000002403c2ee580 nmethod 19358 0x0000024023ad3c10 code [0x0000024023ad3da0, 0x0000024023ad3ee8]
Event: 15.505 Thread 0x000002403c2ee580 19359       2       org.jetbrains.kotlin.codegen.inline.InlineCodegenUtilsKt::isAnonymousClass (58 bytes)
Event: 15.506 Thread 0x000002403c2ee580 nmethod 19359 0x0000024023ad3f90 code [0x0000024023ad41a0, 0x0000024023ad4518]
Event: 15.506 Thread 0x000002403c2ee580 19360       1       org.jetbrains.kotlin.codegen.optimization.fixStack.FixStackContext::getBreakContinueGotoNodes (5 bytes)
Event: 15.506 Thread 0x000002403c2ee580 nmethod 19360 0x0000024029215e90 code [0x0000024029216020, 0x00000240292160f8]
Event: 15.507 Thread 0x000002403c2ee580 19361       2       org.jetbrains.kotlin.codegen.optimization.nullCheck.RedundantNullCheckMethodTransformer$TransformerPass$NullabilityAssumptionsBuilder::collectVariableDependentChecks (425 bytes)
Event: 15.508 Thread 0x000002403c2ee580 nmethod 19361 0x0000024023ad4790 code [0x0000024023ad4ac0, 0x0000024023ad5b98]
Event: 15.508 Thread 0x000002403c2ee580 19362 %     3       org.jetbrains.kotlin.codegen.optimization.RedundantCheckCastEliminationMethodTransformer::transform @ 214 (415 bytes)
Event: 15.511 Thread 0x000002403c2ee580 nmethod 19362% 0x0000024023ad6610 code [0x0000024023ad6ec0, 0x0000024023adc2b8]
Event: 15.514 Thread 0x000002403cf1a940 nmethod 18881 0x0000024029216190 code [0x00000240292163c0, 0x0000024029217858]
Event: 15.514 Thread 0x000002403cf1a940 19363       4       org.jetbrains.kotlin.backend.jvm.mapping.MethodSignatureMapper::mapFunctionName (342 bytes)
Event: 15.522 Thread 0x000002403c2ee580 19366       2       org.jetbrains.org.objectweb.asm.Frame::addInitializedType (77 bytes)
Event: 15.522 Thread 0x000002403c2ee580 nmethod 19366 0x0000024023ade210 code [0x0000024023ade3c0, 0x0000024023ade7e8]
Event: 15.523 Thread 0x000002403c2ee580 19367       2       org.jetbrains.kotlin.load.kotlin.DescriptorBasedTypeSignatureMappingKt::mapType (895 bytes)

GC Heap History (20 events):
Event: 10.166 GC heap before
{Heap before GC invocations=29 (full 0):
 garbage-first heap   total 135168K, used 109328K [0x0000000709a00000, 0x0000000800000000)
  region size 2048K, 19 young (38912K), 2 survivors (4096K)
 Metaspace       used 57852K, committed 58112K, reserved 1114112K
  class space    used 6319K, committed 6464K, reserved 1048576K
}
Event: 10.172 GC heap after
{Heap after GC invocations=30 (full 0):
 garbage-first heap   total 135168K, used 76927K [0x0000000709a00000, 0x0000000800000000)
  region size 2048K, 2 young (4096K), 2 survivors (4096K)
 Metaspace       used 57852K, committed 58112K, reserved 1114112K
  class space    used 6319K, committed 6464K, reserved 1048576K
}
Event: 10.202 GC heap before
{Heap before GC invocations=30 (full 0):
 garbage-first heap   total 135168K, used 78975K [0x0000000709a00000, 0x0000000800000000)
  region size 2048K, 3 young (6144K), 2 survivors (4096K)
 Metaspace       used 57863K, committed 58112K, reserved 1114112K
  class space    used 6319K, committed 6464K, reserved 1048576K
}
Event: 10.207 GC heap after
{Heap after GC invocations=31 (full 0):
 garbage-first heap   total 135168K, used 76607K [0x0000000709a00000, 0x0000000800000000)
  region size 2048K, 1 young (2048K), 1 survivors (2048K)
 Metaspace       used 57863K, committed 58112K, reserved 1114112K
  class space    used 6319K, committed 6464K, reserved 1048576K
}
Event: 10.740 GC heap before
{Heap before GC invocations=31 (full 0):
 garbage-first heap   total 135168K, used 109375K [0x0000000709a00000, 0x0000000800000000)
  region size 2048K, 17 young (34816K), 1 survivors (2048K)
 Metaspace       used 58449K, committed 58624K, reserved 1114112K
  class space    used 6372K, committed 6464K, reserved 1048576K
}
Event: 10.744 GC heap after
{Heap after GC invocations=32 (full 0):
 garbage-first heap   total 163840K, used 77974K [0x0000000709a00000, 0x0000000800000000)
  region size 2048K, 1 young (2048K), 1 survivors (2048K)
 Metaspace       used 58449K, committed 58624K, reserved 1114112K
  class space    used 6372K, committed 6464K, reserved 1048576K
}
Event: 11.462 GC heap before
{Heap before GC invocations=33 (full 0):
 garbage-first heap   total 163840K, used 131222K [0x0000000709a00000, 0x0000000800000000)
  region size 2048K, 27 young (55296K), 1 survivors (2048K)
 Metaspace       used 64700K, committed 64960K, reserved 1114112K
  class space    used 6978K, committed 7104K, reserved 1048576K
}
Event: 11.468 GC heap after
{Heap after GC invocations=34 (full 0):
 garbage-first heap   total 163840K, used 81633K [0x0000000709a00000, 0x0000000800000000)
  region size 2048K, 3 young (6144K), 3 survivors (6144K)
 Metaspace       used 64700K, committed 64960K, reserved 1114112K
  class space    used 6978K, committed 7104K, reserved 1048576K
}
Event: 11.489 GC heap before
{Heap before GC invocations=34 (full 0):
 garbage-first heap   total 163840K, used 83681K [0x0000000709a00000, 0x0000000800000000)
  region size 2048K, 4 young (8192K), 3 survivors (6144K)
 Metaspace       used 64737K, committed 65024K, reserved 1114112K
  class space    used 6978K, committed 7104K, reserved 1048576K
}
Event: 11.496 GC heap after
{Heap after GC invocations=35 (full 0):
 garbage-first heap   total 163840K, used 82127K [0x0000000709a00000, 0x0000000800000000)
  region size 2048K, 1 young (2048K), 1 survivors (2048K)
 Metaspace       used 64737K, committed 65024K, reserved 1114112K
  class space    used 6978K, committed 7104K, reserved 1048576K
}
Event: 12.068 GC heap before
{Heap before GC invocations=35 (full 0):
 garbage-first heap   total 163840K, used 133327K [0x0000000709a00000, 0x0000000800000000)
  region size 2048K, 26 young (53248K), 1 survivors (2048K)
 Metaspace       used 65290K, committed 65536K, reserved 1114112K
  class space    used 7012K, committed 7104K, reserved 1048576K
}
Event: 12.081 GC heap after
{Heap after GC invocations=36 (full 0):
 garbage-first heap   total 163840K, used 91143K [0x0000000709a00000, 0x0000000800000000)
  region size 2048K, 4 young (8192K), 4 survivors (8192K)
 Metaspace       used 65290K, committed 65536K, reserved 1114112K
  class space    used 7012K, committed 7104K, reserved 1048576K
}
Event: 12.677 GC heap before
{Heap before GC invocations=36 (full 0):
 garbage-first heap   total 163840K, used 132103K [0x0000000709a00000, 0x0000000800000000)
  region size 2048K, 24 young (49152K), 4 survivors (8192K)
 Metaspace       used 70425K, committed 70656K, reserved 1114112K
  class space    used 7491K, committed 7616K, reserved 1048576K
}
Event: 12.687 GC heap after
{Heap after GC invocations=37 (full 0):
 garbage-first heap   total 163840K, used 96222K [0x0000000709a00000, 0x0000000800000000)
  region size 2048K, 3 young (6144K), 3 survivors (6144K)
 Metaspace       used 70425K, committed 70656K, reserved 1114112K
  class space    used 7491K, committed 7616K, reserved 1048576K
}
Event: 13.145 GC heap before
{Heap before GC invocations=37 (full 0):
 garbage-first heap   total 163840K, used 133086K [0x0000000709a00000, 0x0000000800000000)
  region size 2048K, 21 young (43008K), 3 survivors (6144K)
 Metaspace       used 74791K, committed 75072K, reserved 1179648K
  class space    used 7952K, committed 8064K, reserved 1048576K
}
Event: 13.155 GC heap after
{Heap after GC invocations=38 (full 0):
 garbage-first heap   total 311296K, used 100871K [0x0000000709a00000, 0x0000000800000000)
  region size 2048K, 3 young (6144K), 3 survivors (6144K)
 Metaspace       used 74791K, committed 75072K, reserved 1179648K
  class space    used 7952K, committed 8064K, reserved 1048576K
}
Event: 13.994 GC heap before
{Heap before GC invocations=38 (full 0):
 garbage-first heap   total 311296K, used 238087K [0x0000000709a00000, 0x0000000800000000)
  region size 2048K, 70 young (143360K), 3 survivors (6144K)
 Metaspace       used 76619K, committed 76864K, reserved 1179648K
  class space    used 8036K, committed 8128K, reserved 1048576K
}
Event: 14.001 GC heap after
{Heap after GC invocations=39 (full 0):
 garbage-first heap   total 311296K, used 103002K [0x0000000709a00000, 0x0000000800000000)
  region size 2048K, 4 young (8192K), 4 survivors (8192K)
 Metaspace       used 76619K, committed 76864K, reserved 1179648K
  class space    used 8036K, committed 8128K, reserved 1048576K
}
Event: 15.126 GC heap before
{Heap before GC invocations=39 (full 0):
 garbage-first heap   total 311296K, used 252506K [0x0000000709a00000, 0x0000000800000000)
  region size 2048K, 77 young (157696K), 4 survivors (8192K)
 Metaspace       used 82108K, committed 82368K, reserved 1179648K
  class space    used 8443K, committed 8576K, reserved 1048576K
}
Event: 15.133 GC heap after
{Heap after GC invocations=40 (full 0):
 garbage-first heap   total 311296K, used 108372K [0x0000000709a00000, 0x0000000800000000)
  region size 2048K, 7 young (14336K), 7 survivors (14336K)
 Metaspace       used 82108K, committed 82368K, reserved 1179648K
  class space    used 8443K, committed 8576K, reserved 1048576K
}

Dll operation events (2 events):
Event: 0.005 Loaded shared library C:\Program Files\Android\Android Studio\jbr\bin\java.dll
Event: 0.559 Loaded shared library C:\Program Files\Android\Android Studio\jbr\bin\verify.dll

Deoptimization events (20 events):
Event: 15.374 Thread 0x000002401d7c1c30 Uncommon trap: trap_request=0xffffff5c fr.pc=0x00000240291fbc44 relative=0x00000000000003a4
Event: 15.374 Thread 0x000002401d7c1c30 Uncommon trap: reason=speculate_null_check action=make_not_entrant pc=0x00000240291fbc44 method=org.jetbrains.kotlin.codegen.optimization.nullCheck.RedundantNullCheckMethodTransformerKt.isCheckNotNullWithMessage(Lorg/jetbrains/org/objectweb/asm/tree/Abstr
Event: 15.374 Thread 0x000002401d7c1c30 DEOPT PACKING pc=0x00000240291fbc44 sp=0x000000aa81cfc730
Event: 15.374 Thread 0x000002401d7c1c30 DEOPT UNPACKING pc=0x00000240282169a3 sp=0x000000aa81cfc670 mode 2
Event: 15.491 Thread 0x000002401d7c1c30 Uncommon trap: trap_request=0xffffff66 fr.pc=0x000002402920ad30 relative=0x00000000000064b0
Event: 15.491 Thread 0x000002401d7c1c30 Uncommon trap: reason=speculate_class_check action=maybe_recompile pc=0x000002402920ad30 method=org.jetbrains.kotlin.ir.util.AdditionalIrUtilsKt.isGetter(Lorg/jetbrains/kotlin/ir/declarations/IrDeclaration;)Z @ 18 c2
Event: 15.491 Thread 0x000002401d7c1c30 DEOPT PACKING pc=0x000002402920ad30 sp=0x000000aa81cf9f30
Event: 15.491 Thread 0x000002401d7c1c30 DEOPT UNPACKING pc=0x00000240282169a3 sp=0x000000aa81cf9ea8 mode 2
Event: 15.492 Thread 0x000002401d7c1c30 Uncommon trap: trap_request=0xffffff66 fr.pc=0x000002402920ad30 relative=0x00000000000064b0
Event: 15.492 Thread 0x000002401d7c1c30 Uncommon trap: reason=speculate_class_check action=maybe_recompile pc=0x000002402920ad30 method=org.jetbrains.kotlin.ir.util.AdditionalIrUtilsKt.isGetter(Lorg/jetbrains/kotlin/ir/declarations/IrDeclaration;)Z @ 18 c2
Event: 15.492 Thread 0x000002401d7c1c30 DEOPT PACKING pc=0x000002402920ad30 sp=0x000000aa81cf9810
Event: 15.492 Thread 0x000002401d7c1c30 DEOPT UNPACKING pc=0x00000240282169a3 sp=0x000000aa81cf9788 mode 2
Event: 15.493 Thread 0x000002401d7c1c30 Uncommon trap: trap_request=0xffffff66 fr.pc=0x000002402920ad30 relative=0x00000000000064b0
Event: 15.493 Thread 0x000002401d7c1c30 Uncommon trap: reason=speculate_class_check action=maybe_recompile pc=0x000002402920ad30 method=org.jetbrains.kotlin.ir.util.AdditionalIrUtilsKt.isGetter(Lorg/jetbrains/kotlin/ir/declarations/IrDeclaration;)Z @ 18 c2
Event: 15.493 Thread 0x000002401d7c1c30 DEOPT PACKING pc=0x000002402920ad30 sp=0x000000aa81cf9810
Event: 15.493 Thread 0x000002401d7c1c30 DEOPT UNPACKING pc=0x00000240282169a3 sp=0x000000aa81cf9788 mode 2
Event: 15.493 Thread 0x000002401d7c1c30 Uncommon trap: trap_request=0xffffff66 fr.pc=0x000002402920ad30 relative=0x00000000000064b0
Event: 15.493 Thread 0x000002401d7c1c30 Uncommon trap: reason=speculate_class_check action=maybe_recompile pc=0x000002402920ad30 method=org.jetbrains.kotlin.ir.util.AdditionalIrUtilsKt.isGetter(Lorg/jetbrains/kotlin/ir/declarations/IrDeclaration;)Z @ 18 c2
Event: 15.493 Thread 0x000002401d7c1c30 DEOPT PACKING pc=0x000002402920ad30 sp=0x000000aa81cf9810
Event: 15.493 Thread 0x000002401d7c1c30 DEOPT UNPACKING pc=0x00000240282169a3 sp=0x000000aa81cf9788 mode 2

Classes unloaded (0 events):
No events

Classes redefined (0 events):
No events

Internal exceptions (20 events):
Event: 4.396 Thread 0x000002401d7c1c30 Implicit null exception at 0x00000240289bdf93 to 0x00000240289c32ec
Event: 4.402 Thread 0x000002401d7c1c30 Implicit null exception at 0x00000240289a8404 to 0x00000240289a8d88
Event: 4.590 Thread 0x000002401d7c1c30 Implicit null exception at 0x0000024028a3713c to 0x0000024028a37a38
Event: 5.059 Thread 0x000002401d7c1c30 Exception <a 'java/lang/NoSuchMethodError'{0x00000007100a7b58}: 'java.lang.Object java.lang.invoke.DirectMethodHandle$Holder.newInvokeSpecial(java.lang.Object, int, java.lang.Object, java.lang.Object)'> (0x00000007100a7b58) 
thrown [s\src\hotspot\share\interpreter\linkResolver.cpp, line 771]
Event: 5.271 Thread 0x000002401d7c1c30 Implicit null exception at 0x0000024028bc34ed to 0x0000024028bc3c88
Event: 7.092 Thread 0x000002401d7c1c30 Implicit null exception at 0x0000024028b1fb08 to 0x0000024028b2154c
Event: 7.213 Thread 0x000002401d7c1c30 Implicit null exception at 0x0000024028bb34ac to 0x0000024028bb3578
Event: 9.610 Thread 0x000002401d7c1c30 Implicit null exception at 0x0000024028e24bec to 0x0000024028e27c28
Event: 10.686 Thread 0x000002401d7c1c30 Implicit null exception at 0x0000024028b7beb4 to 0x0000024028b7c818
Event: 10.870 Thread 0x000002401d7c1c30 Implicit null exception at 0x0000024028d07a56 to 0x0000024028d07dc8
Event: 10.871 Thread 0x000002401d7c1c30 Implicit null exception at 0x0000024028862b59 to 0x0000024028862e30
Event: 10.999 Thread 0x000002401d7c1c30 Exception <a 'java/lang/NoSuchMethodError'{0x00000007127a1060}: 'java.lang.Object java.lang.invoke.DirectMethodHandle$Holder.invokeStaticInit(java.lang.Object, java.lang.Object, java.lang.Object, java.lang.Object)'> (0x00000007127a1060) 
thrown [s\src\hotspot\share\interpreter\linkResolver.cpp, line 771]
Event: 11.212 Thread 0x000002401d7c1c30 Exception <a 'java/lang/NoSuchMethodError'{0x00000007116aa878}: 'java.lang.Object java.lang.invoke.DirectMethodHandle$Holder.newInvokeSpecial(java.lang.Object, java.lang.Object, java.lang.Object, int, int)'> (0x00000007116aa878) 
thrown [s\src\hotspot\share\interpreter\linkResolver.cpp, line 771]
Event: 11.212 Thread 0x000002401d7c1c30 Exception <a 'java/lang/NoSuchMethodError'{0x00000007116ae6b8}: 'java.lang.Object java.lang.invoke.DirectMethodHandle$Holder.invokeSpecial(java.lang.Object, java.lang.Object, java.lang.Object, java.lang.Object, int, int)'> (0x00000007116ae6b8) 
thrown [s\src\hotspot\share\interpreter\linkResolver.cpp, line 771]
Event: 11.240 Thread 0x000002401d7c1c30 Exception <a 'java/lang/NoSuchMethodError'{0x0000000711463970}: 'java.lang.Object java.lang.invoke.Invokers$Holder.linkToTargetMethod(java.lang.Object, java.lang.Object, int, int, java.lang.Object, java.lang.Object, java.lang.Object, java.lang.Object, java.lang.Object)'> (0x0000000711463970) 
thrown [s\src\hotspot\share\interpreter\linkResolver.cpp, line 771]
Event: 11.519 Thread 0x000002401d7c1c30 Implicit null exception at 0x0000024028834099 to 0x0000024028834384
Event: 11.521 Thread 0x000002401d7c1c30 Implicit null exception at 0x0000024028cb080c to 0x0000024028cb1eb0
Event: 11.600 Thread 0x000002401d7c1c30 Exception <a 'java/lang/NoSuchMethodError'{0x0000000713157788}: 'java.lang.Object java.lang.invoke.DirectMethodHandle$Holder.newInvokeSpecial(java.lang.Object, java.lang.Object, int, int, java.lang.Object, java.lang.Object, java.lang.Object)'> (0x0000000713157788) 
thrown [s\src\hotspot\share\interpreter\linkResolver.cpp, line 771]
Event: 11.600 Thread 0x000002401d7c1c30 Exception <a 'java/lang/NoSuchMethodError'{0x000000071315c0c8}: 'java.lang.Object java.lang.invoke.DirectMethodHandle$Holder.invokeSpecial(java.lang.Object, java.lang.Object, java.lang.Object, int, int, java.lang.Object, java.lang.Object, java.lang.Object)'> (0x000000071315c0c8) 
thrown [s\src\hotspot\share\interpreter\linkResolver.cpp, line 771]
Event: 13.354 Thread 0x000002401d7c1c30 Implicit null exception at 0x0000024028a99d97 to 0x0000024028a9a2b0

VM Operations (20 events):
Event: 14.492 Executing VM operation: ICBufferFull
Event: 14.492 Executing VM operation: ICBufferFull done
Event: 14.498 Executing VM operation: HandshakeAllThreads
Event: 14.498 Executing VM operation: HandshakeAllThreads done
Event: 14.652 Executing VM operation: ICBufferFull
Event: 14.652 Executing VM operation: ICBufferFull done
Event: 14.693 Executing VM operation: HandshakeAllThreads
Event: 14.693 Executing VM operation: HandshakeAllThreads done
Event: 14.744 Executing VM operation: ICBufferFull
Event: 14.744 Executing VM operation: ICBufferFull done
Event: 14.852 Executing VM operation: ICBufferFull
Event: 14.852 Executing VM operation: ICBufferFull done
Event: 14.899 Executing VM operation: ICBufferFull
Event: 14.899 Executing VM operation: ICBufferFull done
Event: 15.095 Executing VM operation: ICBufferFull
Event: 15.096 Executing VM operation: ICBufferFull done
Event: 15.126 Executing VM operation: G1CollectForAllocation
Event: 15.133 Executing VM operation: G1CollectForAllocation done
Event: 15.310 Executing VM operation: ICBufferFull
Event: 15.310 Executing VM operation: ICBufferFull done

Events (20 events):
Event: 14.299 loading class java/util/Vector$Itr done
Event: 14.400 loading class java/util/regex/Pattern$Dollar
Event: 14.400 loading class java/util/regex/Pattern$Dollar done
Event: 14.508 Thread 0x000002403c2efe90 flushing nmethod 0x000002402192e510
Event: 14.508 Thread 0x000002403c2efe90 flushing nmethod 0x0000024021954810
Event: 14.513 Thread 0x000002403c2efe90 flushing nmethod 0x00000240220f7710
Event: 14.514 Thread 0x000002403c2efe90 flushing nmethod 0x0000024022418590
Event: 14.519 Thread 0x000002403c2efe90 flushing nmethod 0x0000024022c6ce10
Event: 14.519 Thread 0x000002403c2efe90 flushing nmethod 0x0000024022c6d990
Event: 14.519 Thread 0x000002403c2efe90 flushing nmethod 0x0000024022cb0090
Event: 14.519 Thread 0x000002403c2efe90 flushing nmethod 0x0000024022da9d90
Event: 14.520 Thread 0x000002403c2efe90 flushing nmethod 0x0000024022df9590
Event: 14.520 Thread 0x000002403c2efe90 flushing nmethod 0x0000024022e05a90
Event: 14.520 Thread 0x000002403c2efe90 flushing nmethod 0x0000024022e07b10
Event: 14.520 Thread 0x000002403c2efe90 flushing nmethod 0x0000024022e2dc90
Event: 14.520 Thread 0x000002403c2efe90 flushing nmethod 0x0000024022e3b190
Event: 14.520 Thread 0x000002403c2efe90 flushing nmethod 0x0000024022e6c090
Event: 14.520 Thread 0x000002403c2efe90 flushing nmethod 0x0000024022e6d110
Event: 14.520 Thread 0x000002403c2efe90 flushing nmethod 0x0000024022e78010
Event: 14.520 Thread 0x000002403c2efe90 flushing nmethod 0x0000024022e82b10


Dynamic libraries:
0x00007ff7b6500000 - 0x00007ff7b650a000 	C:\Program Files\Android\Android Studio\jbr\bin\java.exe
0x00007ff98cc10000 - 0x00007ff98ce27000 	C:\WINDOWS\SYSTEM32\ntdll.dll
0x00007ff98ad50000 - 0x00007ff98ae14000 	C:\WINDOWS\System32\KERNEL32.DLL
0x00007ff98a350000 - 0x00007ff98a6fd000 	C:\WINDOWS\System32\KERNELBASE.dll
0x00007ff98a820000 - 0x00007ff98a931000 	C:\WINDOWS\System32\ucrtbase.dll
0x00007ff937190000 - 0x00007ff9371ab000 	C:\Program Files\Android\Android Studio\jbr\bin\VCRUNTIME140.dll
0x00007ff9621f0000 - 0x00007ff962207000 	C:\Program Files\Android\Android Studio\jbr\bin\jli.dll
0x00007ff98ab60000 - 0x00007ff98ad0e000 	C:\WINDOWS\System32\USER32.dll
0x00007ff974570000 - 0x00007ff974803000 	C:\WINDOWS\WinSxS\amd64_microsoft.windows.common-controls_6595b64144ccf1df_6.0.22621.3672_none_2713b9d173822955\COMCTL32.dll
0x00007ff989f30000 - 0x00007ff989f56000 	C:\WINDOWS\System32\win32u.dll
0x00007ff98c6b0000 - 0x00007ff98c757000 	C:\WINDOWS\System32\msvcrt.dll
0x00007ff98bf30000 - 0x00007ff98bf59000 	C:\WINDOWS\System32\GDI32.dll
0x00007ff98a100000 - 0x00007ff98a219000 	C:\WINDOWS\System32\gdi32full.dll
0x00007ff98a700000 - 0x00007ff98a79a000 	C:\WINDOWS\System32\msvcp_win.dll
0x00007ff98ad10000 - 0x00007ff98ad41000 	C:\WINDOWS\System32\IMM32.DLL
0x00007ff95e9d0000 - 0x00007ff95e9dc000 	C:\Program Files\Android\Android Studio\jbr\bin\vcruntime140_1.dll
0x00007ff937100000 - 0x00007ff93718d000 	C:\Program Files\Android\Android Studio\jbr\bin\msvcp140.dll
0x00007ff940d70000 - 0x00007ff9419f0000 	C:\Program Files\Android\Android Studio\jbr\bin\server\jvm.dll
0x00007ff98aaa0000 - 0x00007ff98ab52000 	C:\WINDOWS\System32\ADVAPI32.dll
0x00007ff98c190000 - 0x00007ff98c239000 	C:\WINDOWS\System32\sechost.dll
0x00007ff989f60000 - 0x00007ff989f88000 	C:\WINDOWS\System32\bcrypt.dll
0x00007ff98c760000 - 0x00007ff98c874000 	C:\WINDOWS\System32\RPCRT4.dll
0x00007ff97d440000 - 0x00007ff97d474000 	C:\WINDOWS\SYSTEM32\WINMM.dll
0x00007ff986c20000 - 0x00007ff986c29000 	C:\WINDOWS\SYSTEM32\WSOCK32.dll
0x00007ff9836a0000 - 0x00007ff9836aa000 	C:\WINDOWS\SYSTEM32\VERSION.dll
0x00007ff98c880000 - 0x00007ff98c8f1000 	C:\WINDOWS\System32\WS2_32.dll
0x00007ff988f60000 - 0x00007ff988f78000 	C:\WINDOWS\SYSTEM32\kernel.appcore.dll
0x00007ff981d60000 - 0x00007ff981d6a000 	C:\Program Files\Android\Android Studio\jbr\bin\jimage.dll
0x00007ff983900000 - 0x00007ff983b32000 	C:\WINDOWS\SYSTEM32\DBGHELP.DLL
0x00007ff98c320000 - 0x00007ff98c6ad000 	C:\WINDOWS\System32\combase.dll
0x00007ff98b3b0000 - 0x00007ff98b487000 	C:\WINDOWS\System32\OLEAUT32.dll
0x00007ff97a4d0000 - 0x00007ff97a502000 	C:\WINDOWS\SYSTEM32\dbgcore.DLL
0x00007ff98a7a0000 - 0x00007ff98a81b000 	C:\WINDOWS\System32\bcryptPrimitives.dll
0x00007ff981d30000 - 0x00007ff981d55000 	C:\Program Files\Android\Android Studio\jbr\bin\java.dll
0x00007ff981cf0000 - 0x00007ff981d08000 	C:\Program Files\Android\Android Studio\jbr\bin\zip.dll
0x00007ff98b6c0000 - 0x00007ff98bf28000 	C:\WINDOWS\System32\SHELL32.dll
0x00007ff987e80000 - 0x00007ff98877e000 	C:\WINDOWS\SYSTEM32\windows.storage.dll
0x00007ff987d40000 - 0x00007ff987e7f000 	C:\WINDOWS\SYSTEM32\wintypes.dll
0x00007ff98b2a0000 - 0x00007ff98b399000 	C:\WINDOWS\System32\SHCORE.dll
0x00007ff98c920000 - 0x00007ff98c97e000 	C:\WINDOWS\System32\shlwapi.dll
0x00007ff989e60000 - 0x00007ff989e81000 	C:\WINDOWS\SYSTEM32\profapi.dll
0x00007ff97fc60000 - 0x00007ff97fc79000 	C:\Program Files\Android\Android Studio\jbr\bin\net.dll
0x00007ff985510000 - 0x00007ff985646000 	C:\WINDOWS\SYSTEM32\WINHTTP.dll
0x00007ff9893d0000 - 0x00007ff989439000 	C:\WINDOWS\system32\mswsock.dll
0x00007ff975ec0000 - 0x00007ff975ed6000 	C:\Program Files\Android\Android Studio\jbr\bin\nio.dll
0x00007ff97ffa0000 - 0x00007ff97ffb0000 	C:\Program Files\Android\Android Studio\jbr\bin\verify.dll

dbghelp: loaded successfully - version: 4.0.5 - missing functions: none
symbol engine: initialized successfully - sym options: 0x614 - pdb path: .;C:\Program Files\Android\Android Studio\jbr\bin;C:\WINDOWS\SYSTEM32;C:\WINDOWS\WinSxS\amd64_microsoft.windows.common-controls_6595b64144ccf1df_6.0.22621.3672_none_2713b9d173822955;C:\Program Files\Android\Android Studio\jbr\bin\server

VM Arguments:
java_command: org.jetbrains.kotlin.cli.jvm.K2JVMCompiler @C:\PeopleConnect\app\build\20240826_3981801243362833104.compiler.options
java_class_path (initial): C:\Users\Admin\.gradle\caches\modules-2\files-2.1\org.jetbrains.kotlin\kotlin-compiler-embeddable\1.9.22\9cd4dc7773cf2a99ecd961a88fbbc9a2da3fb5e1\kotlin-compiler-embeddable-1.9.22.jar;C:\Users\Admin\.gradle\caches\modules-2\files-2.1\org.jetbrains.kotlin\kotlin-stdlib\1.9.22\d6c44cd08d8f3f9bece8101216dbe6553365c6e3\kotlin-stdlib-1.9.22.jar;C:\Users\Admin\.gradle\caches\modules-2\files-2.1\org.jetbrains.kotlin\kotlin-script-runtime\1.9.22\f8139a46fc677ec9badc49ae954392f4f5e7e7c7\kotlin-script-runtime-1.9.22.jar;C:\Users\Admin\.gradle\caches\modules-2\files-2.1\org.jetbrains.kotlin\kotlin-reflect\1.6.10\1cbe9c92c12a94eea200d23c2bbaedaf3daf5132\kotlin-reflect-1.6.10.jar;C:\Users\Admin\.gradle\caches\modules-2\files-2.1\org.jetbrains.kotlin\kotlin-daemon-embeddable\1.9.22\20e2c5df715f3240c765cfc222530e2796542021\kotlin-daemon-embeddable-1.9.22.jar;C:\Users\Admin\.gradle\caches\modules-2\files-2.1\org.jetbrains.intellij.deps\trove4j\1.0.20200330\3afb14d5f9ceb459d724e907a21145e8ff394f02\trove4j-1.0.20200330.jar;C:\Users\Admin\.gradle\caches\modules-2\files-2.1\org.jetbrains\annotations\13.0\919f0dfe192fb4e063e7dacadee7f8bb9a2672a9\annotations-13.0.jar
Launcher Type: SUN_STANDARD

[Global flags]
     intx CICompilerCount                          = 4                                         {product} {ergonomic}
     uint ConcGCThreads                            = 3                                         {product} {ergonomic}
     uint G1ConcRefinementThreads                  = 10                                        {product} {ergonomic}
   size_t G1HeapRegionSize                         = 2097152                                   {product} {ergonomic}
    uintx GCDrainStackTargetSize                   = 64                                        {product} {ergonomic}
   size_t InitialHeapSize                          = 260046848                                 {product} {ergonomic}
   size_t MarkStackSize                            = 4194304                                   {product} {ergonomic}
   size_t MaxHeapSize                              = 4133486592                                {product} {ergonomic}
   size_t MaxNewSize                               = 2478833664                                {product} {ergonomic}
   size_t MinHeapDeltaBytes                        = 2097152                                   {product} {ergonomic}
   size_t MinHeapSize                              = 8388608                                   {product} {ergonomic}
    uintx NonNMethodCodeHeapSize                   = 5839372                                {pd product} {ergonomic}
    uintx NonProfiledCodeHeapSize                  = 122909434                              {pd product} {ergonomic}
    uintx ProfiledCodeHeapSize                     = 122909434                              {pd product} {ergonomic}
    uintx ReservedCodeCacheSize                    = 251658240                              {pd product} {ergonomic}
     bool SegmentedCodeCache                       = true                                      {product} {ergonomic}
   size_t SoftMaxHeapSize                          = 4133486592                             {manageable} {ergonomic}
     bool UseCompressedClassPointers               = true                           {product lp64_product} {ergonomic}
     bool UseCompressedOops                        = true                           {product lp64_product} {ergonomic}
     bool UseG1GC                                  = true                                      {product} {ergonomic}
     bool UseLargePagesIndividualAllocation        = false                                  {pd product} {ergonomic}

Logging:
Log output configuration:
 #0: stdout all=warning uptime,level,tags
 #1: stderr all=off uptime,level,tags

Environment Variables:
PATH=C:\Program Files\Python38\Scripts\;C:\Program Files\Python38\;C:\WINDOWS\system32;C:\WINDOWS;C:\WINDOWS\System32\Wbem;C:\WINDOWS\System32\WindowsPowerShell\v1.0\;C:\WINDOWS\System32\OpenSSH\;C:\Program Files\Microsoft SQL Server\Client SDK\ODBC\170\Tools\Binn\;C:\Program Files (x86)\Microsoft SQL Server\160\Tools\Binn\;C:\Program Files\Microsoft SQL Server\160\Tools\Binn\;C:\Program Files\Microsoft SQL Server\160\DTS\Binn\;C:\Program Files (x86)\Microsoft SQL Server\160\DTS\Binn\;C:\Program Files\Azure Data Studio\bin;C:\Program Files\Microsoft SQL Server\150\Tools\Binn\;C:\Program Files\dotnet\;E:\Git\cmd;E:\;C:\Users\Admin\openjdk-11.0.0.1_windows-x64_bin\jdk-11.0.0.1\bin;C:\Users\Admin\orientdb-community-3.2.29\orientdb-community-3.2.29\bin;C:\Users\Admin\AppData\Local\Microsoft\WindowsApps;C:\Program Files\Azure Data Studio\bin;C:\Users\Admin\.dotnet\tools;C:\Program Files\JetBrains\PyCharm Community Edition 2023.3.1\bin;;E:\Microsoft VS Code\bin;C:\Users\Admin\AppData\Roaming\npm
USERNAME=Admin
OS=Windows_NT
PROCESSOR_IDENTIFIER=AMD64 Family 23 Model 96 Stepping 1, AuthenticAMD
TMP=C:\Users\Admin\AppData\Local\Temp
TEMP=C:\Users\Admin\AppData\Local\Temp


JNI global refs:
JNI global refs: 12, weak refs: 24

JNI global refs memory usage: 843, weak refs: 841

OOME stack traces (most recent first):
Classloader memory used:
Loader jdk.internal.loader.ClassLoaders$AppClassLoader                                 : 8948K
Loader bootstrap                                                                       : 1355K
Loader jdk.internal.reflect.DelegatingClassLoader                                      : 22606B


---------------  S Y S T E M  ---------------

OS:
 Windows 11 , 64 bit Build 22621 (10.0.22621.3958)
OS uptime: 0 days 22:31 hours

CPU: total 12 (initial active 12) (12 cores per cpu, 2 threads per core) family 23 model 96 stepping 1 microcode 0x0, cx8, cmov, fxsr, ht, mmx, 3dnowpref, sse, sse2, sse3, ssse3, sse4a, sse4.1, sse4.2, popcnt, lzcnt, tsc, tscinvbit, avx, avx2, aes, clmul, bmi1, bmi2, adx, sha, fma, vzeroupper, clflush, clflushopt

Memory: 4k page, system-wide physical 15761M (3044M free)
TotalPageFile size 17809M (AvailPageFile size 18M)
current process WorkingSet (physical memory assigned to process): 565M, peak: 572M
current process commit charge ("private bytes"): 618M, peak: 630M

vm_info: OpenJDK 64-Bit Server VM (17.0.7+0-b2043.56-10550314) for windows-amd64 JRE (17.0.7+0-b2043.56-10550314), built on Jul 24 2023 18:27:45 by "androidbuild" with MS VC++ 16.10 / 16.11 (VS2019)

END.
